<?xml version="1.0" encoding="UTF-8"?>
<!-- Generated by org.testng.reporters.JUnitXMLReporter -->
<testsuite ignored="0" hostname="DESKTOP-63VPLUC" failures="0" tests="2" name="Test Runner-3" time="0.467" errors="0" timestamp="2024-02-28T12:20:44 IST">
  <testcase classname="testNGpractice.TestNGtest" name="ts_05" time="0.0">
    <skipped/>
  </testcase> <!-- ts_05 -->
  <testcase classname="testNGpractice.TestNGtest" name="ts_06" time="0.0">
    <skipped/>
  </testcase> <!-- ts_06 -->
</testsuite> <!-- Test Runner-3 -->
