<?xml version="1.0" encoding="UTF-8"?>
<!-- Generated by org.testng.reporters.JUnitXMLReporter -->
<testsuite ignored="0" hostname="DESKTOP-63VPLUC" failures="0" tests="2" name="Test Runner-2" time="0.518" errors="0" timestamp="2024-02-28T12:20:44 IST">
  <testcase classname="testNGpractice.Sampletest" name="ts_01" time="0.001">
    <skipped/>
  </testcase> <!-- ts_01 -->
  <testcase classname="testNGpractice.Sampletest" name="ts_02" time="0.001">
    <skipped/>
  </testcase> <!-- ts_02 -->
</testsuite> <!-- Test Runner-2 -->
