<?xml version="1.0" encoding="UTF-8"?>
<testng-results ignored="0" total="1" passed="0" failed="1" skipped="0">
  <reporter-output>
  </reporter-output>
  <suite started-at="2024-03-04T14:45:46 IST" name="Failed suite [Suite]" finished-at="2024-03-04T14:46:17 IST" duration-ms="30952">
    <groups>
    </groups>
    <test started-at="2024-03-04T14:45:46 IST" name="Test(failed)" finished-at="2024-03-04T14:46:17 IST" duration-ms="30952">
      <class name="listeners.Listenerspractice">
        <test-method is-config="true" signature="connectDB()[pri:0, instance:listeners.Listenerspractice@7ef82753]" started-at="2024-03-04T14:45:46 IST" name="connectDB" finished-at="2024-03-04T14:45:46 IST" duration-ms="20" status="PASS">
          <reporter-output>
          </reporter-output>
        </test-method> <!-- connectDB -->
        <test-method is-config="true" signature="launchbrowser()[pri:0, instance:listeners.Listenerspractice@7ef82753]" started-at="2024-03-04T14:45:46 IST" name="launchbrowser" finished-at="2024-03-04T14:46:09 IST" duration-ms="23141" status="PASS">
          <reporter-output>
          </reporter-output>
        </test-method> <!-- launchbrowser -->
        <test-method is-config="true" signature="loginasdocor()[pri:0, instance:listeners.Listenerspractice@7ef82753]" started-at="2024-03-04T14:46:09 IST" name="loginasdocor" finished-at="2024-03-04T14:46:15 IST" duration-ms="5952" status="PASS">
          <reporter-output>
          </reporter-output>
        </test-method> <!-- loginasdocor -->
        <test-method signature="ts_01()[pri:0, instance:listeners.Listenerspractice@7ef82753]" started-at="2024-03-04T14:46:15 IST" name="ts_01" finished-at="2024-03-04T14:46:15 IST" duration-ms="44" status="FAIL">
          <exception class="java.lang.AssertionError">
            <message>
              <![CDATA[null]]>
            </message>
            <full-stacktrace>
              <![CDATA[java.lang.AssertionError: null
at org.testng.Assert.fail(Assert.java:111)
at org.testng.Assert.fail(Assert.java:116)
at listeners.Listenerspractice.ts_01(Listenerspractice.java:23)
at java.base/jdk.internal.reflect.NativeMethodAccessorImpl.invoke0(Native Method)
at java.base/jdk.internal.reflect.NativeMethodAccessorImpl.invoke(NativeMethodAccessorImpl.java:77)
at java.base/jdk.internal.reflect.DelegatingMethodAccessorImpl.invoke(DelegatingMethodAccessorImpl.java:43)
at java.base/java.lang.reflect.Method.invoke(Method.java:568)
at org.testng.internal.invokers.MethodInvocationHelper.invokeMethod(MethodInvocationHelper.java:139)
at org.testng.internal.invokers.TestInvoker.invokeMethod(TestInvoker.java:664)
at org.testng.internal.invokers.TestInvoker.invokeTestMethod(TestInvoker.java:228)
at org.testng.internal.invokers.MethodRunner.runInSequence(MethodRunner.java:63)
at org.testng.internal.invokers.TestInvoker$MethodInvocationAgent.invoke(TestInvoker.java:961)
at org.testng.internal.invokers.TestInvoker.invokeTestMethods(TestInvoker.java:201)
at org.testng.internal.invokers.TestMethodWorker.invokeTestMethods(TestMethodWorker.java:148)
at org.testng.internal.invokers.TestMethodWorker.run(TestMethodWorker.java:128)
at java.base/java.util.ArrayList.forEach(ArrayList.java:1511)
at org.testng.TestRunner.privateRun(TestRunner.java:819)
at org.testng.TestRunner.run(TestRunner.java:619)
at org.testng.SuiteRunner.runTest(SuiteRunner.java:443)
at org.testng.SuiteRunner$SuiteWorker.run(SuiteRunner.java:481)
at org.testng.internal.thread.ThreadUtil.lambda$execute$0(ThreadUtil.java:58)
at java.base/java.util.concurrent.FutureTask.run(FutureTask.java:264)
at java.base/java.util.concurrent.ThreadPoolExecutor.runWorker(ThreadPoolExecutor.java:1136)
at java.base/java.util.concurrent.ThreadPoolExecutor$Worker.run(ThreadPoolExecutor.java:635)
at java.base/java.lang.Thread.run(Thread.java:840)
]]>
            </full-stacktrace>
          </exception> <!-- java.lang.AssertionError -->
          <reporter-output>
          </reporter-output>
        </test-method> <!-- ts_01 -->
        <test-method is-config="true" signature="logoutasdoctor()[pri:0, instance:listeners.Listenerspractice@7ef82753]" started-at="2024-03-04T14:46:16 IST" name="logoutasdoctor" finished-at="2024-03-04T14:46:16 IST" duration-ms="2" status="PASS">
          <reporter-output>
          </reporter-output>
        </test-method> <!-- logoutasdoctor -->
        <test-method is-config="true" signature="exitbrowser()[pri:0, instance:listeners.Listenerspractice@7ef82753]" started-at="2024-03-04T14:46:16 IST" name="exitbrowser" finished-at="2024-03-04T14:46:17 IST" duration-ms="621" status="PASS">
          <reporter-output>
          </reporter-output>
        </test-method> <!-- exitbrowser -->
        <test-method is-config="true" signature="closeDBconnection()[pri:0, instance:listeners.Listenerspractice@7ef82753]" started-at="2024-03-04T14:46:17 IST" name="closeDBconnection" finished-at="2024-03-04T14:46:17 IST" duration-ms="6" status="PASS">
          <reporter-output>
          </reporter-output>
        </test-method> <!-- closeDBconnection -->
      </class> <!-- listeners.Listenerspractice -->
    </test> <!-- Test(failed) -->
  </suite> <!-- Failed suite [Suite] -->
</testng-results>
